<html>
<body>
<pre>
<h1>Vision Build Log</h1>
<h2>Project:</h2>
E:\PFProject\temp\custom\EncryptMagcardApp\MDK\EncryptMagcardApp.uvproj
Project File Date:  11/22/2017

<h2>Output:</h2>
Build target 'EncryptMagcardApp'
compiling aes.c...
compiling app.c...
..\Src\app.c(349): error:  #20: identifier "SOH" is undefined
          TxdBuf[i] = SOH;    
..\Src\app.c(352): error:  #20: identifier "SOH" is undefined
      bcc = SOH;
..\Src\app.c(356): error:  #20: identifier "ENABLE_DOWN" is undefined
          case ENABLE_DOWN:   /* download be enble */
..\Src\app.c(357): error:  #20: identifier "ORDER" is undefined
              TxdBuf[i++] = ORDER;
..\Src\app.c(365): error:  #20: identifier "TEXT" is undefined
                        TxdBuf[i++] = TEXT;
..\Src\app.c(600): error:  #20: identifier "SOH" is undefined
                                if (SOH == i) 
..\Src\app.c(603): error:  #20: identifier "HEAD_NUM" is undefined
                                        if (SynHead == HEAD_NUM) 
..\Src\app.c(625): error:  #20: identifier "ORDER" is undefined
                                if (ORDER == i) 
..\Src\app.c(634): error:  #20: identifier "TEXT" is undefined
                                        if (TEXT == i) 
..\Src\app.c(741): error:  #20: identifier "SOH" is undefined
                if (RxdBuf[0] == SOH)                                                                   //解析01数据包
..\Src\app.c(749): error:  #20: identifier "ORDER" is undefined
                                if (ORDER == RxdBuf[1])
..\Src\app.c(758): error:  #20: identifier "ENABLE_DOWN" is undefined
                                                                send_frame(ENABLE_DOWN);
..\Src\app.c: 0 warnings, 12 errors
compiling custom_hid_core.c...
..\Src\custom_hid_core.c(39): error:  #29: expected an expression
      .dev_desc = (uint8_t *)&device_descripter,
..\Src\custom_hid_core.c(40): error:  #29: expected an expression
      .config_desc = (uint8_t *)&configuration_descriptor,
..\Src\custom_hid_core.c(41): error:  #29: expected an expression
      .strings = usbd_strings,
..\Src\custom_hid_core.c(42): error:  #29: expected an expression
      .class_init = custom_hid_init,
..\Src\custom_hid_core.c(43): error:  #29: expected an expression
      .class_deinit = custom_hid_deinit,
..\Src\custom_hid_core.c(44): error:  #29: expected an expression
      .class_req_handler = custom_hid_req_handler,
..\Src\custom_hid_core.c(45): error:  #29: expected an expression
      .class_data_handler = custom_hid_data_handler
..\Src\custom_hid_core.c(52): error:  #29: expected an expression
      .Header = 
..\Src\custom_hid_core.c(56): warning:  #12-D: parsing restarts here after previous syntax error
       },
..\Src\custom_hid_core.c(57): error:  #29: expected an expression
      .bcdUSB = 0x0200,
..\Src\custom_hid_core.c(58): error:  #29: expected an expression
      .bDeviceClass = 0x00,
..\Src\custom_hid_core.c(59): error:  #29: expected an expression
      .bDeviceSubClass = 0x00,
..\Src\custom_hid_core.c(60): error:  #29: expected an expression
      .bDeviceProtocol = 0x00,
..\Src\custom_hid_core.c(61): error:  #29: expected an expression
      .bMaxPacketSize0 = USBD_EP0_MAX_SIZE,
..\Src\custom_hid_core.c(62): error:  #29: expected an expression
      .idVendor = USBD_VID,
..\Src\custom_hid_core.c(63): error:  #29: expected an expression
      .idProduct = USBD_PID,
..\Src\custom_hid_core.c(64): error:  #29: expected an expression
      .bcdDevice = 0x0100,
..\Src\custom_hid_core.c(65): error:  #29: expected an expression
      .iManufacturer = USBD_MFC_STR_IDX,
..\Src\custom_hid_core.c(66): error:  #29: expected an expression
      .iProduct = USBD_PRODUCT_STR_IDX,
..\Src\custom_hid_core.c(67): error:  #29: expected an expression
      .iSerialNumber = USBD_SERIAL_STR_IDX,
..\Src\custom_hid_core.c(68): error:  #29: expected an expression
      .bNumberConfigurations = USBD_CFG_MAX_NUM
..\Src\custom_hid_core.c(73): error:  #29: expected an expression
      .Config = 
..\Src\custom_hid_core.c(86): warning:  #12-D: parsing restarts here after previous syntax error
      },
..\Src\custom_hid_core.c(88): error:  #29: expected an expression
      .HID_Interface = 
..\Src\custom_hid_core.c(102): warning:  #12-D: parsing restarts here after previous syntax error
      },
..\Src\custom_hid_core.c(104): error:  #29: expected an expression
      .HID_VendorHID = 
..\Src\custom_hid_core.c(116): warning:  #12-D: parsing restarts here after previous syntax error
      },
..\Src\custom_hid_core.c(118): error:  #29: expected an expression
      .HID_ReportINEndpoint = 
..\Src\custom_hid_core.c(129): warning:  #12-D: parsing restarts here after previous syntax error
      },
..\Src\custom_hid_core.c(131): error:  #29: expected an expression
      .HID_ReportOUTEndpoint = 
..\Src\custom_hid_core.c(143): warning:  #12-D: parsing restarts here after previous syntax error
  };
..\Src\custom_hid_core.c(148): error:  #29: expected an expression
      .Header = 
..\Src\custom_hid_core.c(152): warning:  #12-D: parsing restarts here after previous syntax error
       },
..\Src\custom_hid_core.c(153): error:  #29: expected an expression
      .wLANGID = ENG_LANGID
..\Src\custom_hid_core.c(158): error:  #29: expected an expression
      [USBD_LANGID_STR_IDX] = (uint8_t *)&usbd_language_id_desc,
..\Src\custom_hid_core.c(159): error:  #29: expected an expression
      [USBD_MFC_STR_IDX] = USBD_STRING_DESC("PayFull."),
..\Src\custom_hid_core.c(160): error:  #29: expected an expression
      [USBD_PRODUCT_STR_IDX] = USBD_STRING_DESC("Encrypted Magnetic Read Head."),
..\Src\custom_hid_core.c: 7 warnings, 30 errors
compiling des.c...
compiling dukpt.c...
compiling gd32f1x0_eval.c...
compiling gd32f1x0_it.c...
..\Src\gd32f1x0_it.c(141): warning:  #223-D: function "usbd_isr" declared implicitly
      usbd_isr();
..\Src\gd32f1x0_it.c: 1 warning, 0 errors
compiling iap.c...
compiling ini.c...
..\Src\ini.c(24): error:  #268: declaration may not appear after executable statement in block
      uint8_t tempdata[64];
..\Src\ini.c: 0 warnings, 1 error
compiling main.c...
compiling sha1.c...
compiling systick.c...
compiling usb_endp.c...
..\Src\usb_endp.c(60): warning:  #177-D: variable "respbuff" was declared but never referenced
        unsigned char respbuff[64] = {0};
..\Src\usb_endp.c(141): warning:  #111-D: statement is unreachable
        DBG_S("2.UsbRecvAtTime USBRecvTop = %d,USBRecvEnd = %d\r\n",USBRecvTop,USBRecvEnd);
..\Src\usb_endp.c: 2 warnings, 0 errors
compiling utilities.c...
compiling dev_eprom.c...
compiling dev_msread.c...
compiling dev_timer.c...
compiling dev_uart.c...
compiling stm32f10x_it.c...
..\Dev\stm32f10x_it.h(27): error:  #5: cannot open source input file "stm32f10x.h": No such file or directory
  #include "stm32f10x.h"
..\Dev\stm32f10x_it.c: 0 warnings, 1 error
compiling gd32f1x0_dbg.c...
compiling gd32f1x0_exti.c...
compiling gd32f1x0_fmc.c...
compiling gd32f1x0_fwdgt.c...
compiling gd32f1x0_gpio.c...
compiling gd32f1x0_misc.c...
compiling gd32f1x0_rcu.c...
compiling gd32f1x0_spi.c...
compiling gd32f1x0_syscfg.c...
compiling gd32f1x0_timer.c...
compiling gd32f1x0_usart.c...
compiling gd32f1x0_wwdgt.c...
compiling usbd_core.c...
..\GD32F1x0_usbd_driver\Source\usbd_core.c(206): warning:  #167-D: argument of type "uint8_t *" is incompatible with parameter of type "char *"
      DBG_H("1.usbd_ep_rx", ep->trs_buf, ep->trs_len);
..\GD32F1x0_usbd_driver\Source\usbd_core.c(207): warning:  #223-D: function "EP1_OUT_Callback" declared implicitly
      EP1_OUT_Callback(ep->trs_buf);
..\GD32F1x0_usbd_driver\Source\usbd_core.c(217): warning:  #167-D: argument of type "uint8_t *" is incompatible with parameter of type "char *"
       DBG_H("2.usbd_ep_rx", ep->trs_buf, ep->trs_len);
..\GD32F1x0_usbd_driver\Source\usbd_core.c(246): warning:  #167-D: argument of type "uint8_t *" is incompatible with parameter of type "char *"
      DBG_H("usbd_dp_tx", ep->trs_buf, ep->trs_len);
..\GD32F1x0_usbd_driver\Source\usbd_core.c: 4 warnings, 0 errors
compiling usbd_int.c...
..\GD32F1x0_usbd_driver\Source\usbd_int.c(162): warning:  #223-D: function "printf" declared implicitly
                  printf("[usbd_intf_lpst] [TX] prev_receive_complete = %d\r\n",prev_receive_complete);
..\GD32F1x0_usbd_driver\Source\usbd_int.c(203): warning:  #167-D: argument of type "uint8_t *" is incompatible with parameter of type "char *"
                      DBG_H("2.1 usbd_intf_lpst ", ep->trs_buf, ep->trs_count);
..\GD32F1x0_usbd_driver\Source\usbd_int.c(204): warning:  #167-D: argument of type "uint8_t *" is incompatible with parameter of type "char *"
                      DBG_H("2.2 usbd_intf_lpst ", report_buf, 64);
..\GD32F1x0_usbd_driver\Source\usbd_int.c: 3 warnings, 0 errors
compiling usbd_pwr.c...
compiling usbd_std.c...
compiling system_gd32f1x0.c...
".\Objects\EncryptMagcardApp.axf" - 44 Error(s), 17 Warning(s).
Target not created
</pre>
</body>
</html>
